Determining if the pthread_create exist failed with the following output:
Change Dir: /home/dovejh/ros_learn/ros_ws/build/CMakeFiles/CMakeTmp

Run Build Command:"/usr/bin/make" "cmTC_c560d/fast"
/usr/bin/make -f CMakeFiles/cmTC_c560d.dir/build.make CMakeFiles/cmTC_c560d.dir/build
make[1]: 进入目录“/home/dovejh/ros_learn/ros_ws/build/CMakeFiles/CMakeTmp”
Building C object CMakeFiles/cmTC_c560d.dir/CheckSymbolExists.c.o
/usr/bin/cc    -o CMakeFiles/cmTC_c560d.dir/CheckSymbolExists.c.o   -c /home/dovejh/ros_learn/ros_ws/build/CMakeFiles/CMakeTmp/CheckSymbolExists.c
Linking C executable cmTC_c560d
/usr/bin/cmake -E cmake_link_script CMakeFiles/cmTC_c560d.dir/link.txt --verbose=1
/usr/bin/cc      -rdynamic CMakeFiles/cmTC_c560d.dir/CheckSymbolExists.c.o  -o cmTC_c560d 
CMakeFiles/cmTC_c560d.dir/CheckSymbolExists.c.o：在函数‘main’中：
CheckSymbolExists.c:(.text+0x1b)：对‘pthread_create’未定义的引用
collect2: error: ld returned 1 exit status
CMakeFiles/cmTC_c560d.dir/build.make:97: recipe for target 'cmTC_c560d' failed
make[1]: *** [cmTC_c560d] Error 1
make[1]: 离开目录“/home/dovejh/ros_learn/ros_ws/build/CMakeFiles/CMakeTmp”
Makefile:126: recipe for target 'cmTC_c560d/fast' failed
make: *** [cmTC_c560d/fast] Error 2

File /home/dovejh/ros_learn/ros_ws/build/CMakeFiles/CMakeTmp/CheckSymbolExists.c:
/* */
#include <pthread.h>

int main(int argc, char** argv)
{
  (void)argv;
#ifndef pthread_create
  return ((int*)(&pthread_create))[argc];
#else
  (void)argc;
  return 0;
#endif
}

Determining if the function pthread_create exists in the pthreads failed with the following output:
Change Dir: /home/dovejh/ros_learn/ros_ws/build/CMakeFiles/CMakeTmp

Run Build Command:"/usr/bin/make" "cmTC_b0a1b/fast"
/usr/bin/make -f CMakeFiles/cmTC_b0a1b.dir/build.make CMakeFiles/cmTC_b0a1b.dir/build
make[1]: 进入目录“/home/dovejh/ros_learn/ros_ws/build/CMakeFiles/CMakeTmp”
Building C object CMakeFiles/cmTC_b0a1b.dir/CheckFunctionExists.c.o
/usr/bin/cc   -DCHECK_FUNCTION_EXISTS=pthread_create   -o CMakeFiles/cmTC_b0a1b.dir/CheckFunctionExists.c.o   -c /usr/share/cmake-3.10/Modules/CheckFunctionExists.c
Linking C executable cmTC_b0a1b
/usr/bin/cmake -E cmake_link_script CMakeFiles/cmTC_b0a1b.dir/link.txt --verbose=1
/usr/bin/cc  -DCHECK_FUNCTION_EXISTS=pthread_create    -rdynamic CMakeFiles/cmTC_b0a1b.dir/CheckFunctionExists.c.o  -o cmTC_b0a1b -lpthreads 
/usr/bin/ld: 找不到 -lpthreads
collect2: error: ld returned 1 exit status
CMakeFiles/cmTC_b0a1b.dir/build.make:97: recipe for target 'cmTC_b0a1b' failed
make[1]: *** [cmTC_b0a1b] Error 1
make[1]: 离开目录“/home/dovejh/ros_learn/ros_ws/build/CMakeFiles/CMakeTmp”
Makefile:126: recipe for target 'cmTC_b0a1b/fast' failed
make: *** [cmTC_b0a1b/fast] Error 2


